The target system is: Generic -  - arm
The host system is: Windows - 6.2 - AMD64
Determining if files stdatomic.h exist passed with the following output:
Change Dir: C:/Protogen/Prototracer/Protogen/ps7_cortexa9_0/standalone_ps7_cortexa9_0/bsp/ps7_cortexa9_0/libsrc/openamp_v1_6/build_openamp/CMakeFiles/CMakeTmp

Run Build Command:"C:/Xilinx/Vitis/2021.1/gnuwin/bin/make.exe" "cmTC_7080a/fast"
C:/Xilinx/Vitis/2021.1/gnuwin/bin/make.exe -f CMakeFiles/cmTC_7080a.dir/build.make CMakeFiles/cmTC_7080a.dir/build
make.exe[1]: Entering directory 'C:/Protogen/Prototracer/Protogen/ps7_cortexa9_0/standalone_ps7_cortexa9_0/bsp/ps7_cortexa9_0/libsrc/openamp_v1_6/build_openamp/CMakeFiles/CMakeTmp'
Building C object CMakeFiles/cmTC_7080a.dir/CheckIncludeFiles.c.obj
C:/Xilinx/Vitis/2021.1/gnu/aarch32/nt/gcc-arm-none-eabi/bin/arm-none-eabi-gcc.exe   -O2 -c -mcpu=cortex-a9 -mfpu=vfpv3 -mfloat-abi=hard -nostartfiles -g -Wall -Wextra -fno-tree-loop-distribute-patterns -IC:/Protogen/Prototracer/Protogen/ps7_cortexa9_0/standalone_ps7_cortexa9_0/bsp/ps7_cortexa9_0/include -Wall -Wextra -c   -o CMakeFiles/cmTC_7080a.dir/CheckIncludeFiles.c.obj   -c C:/Protogen/Prototracer/Protogen/ps7_cortexa9_0/standalone_ps7_cortexa9_0/bsp/ps7_cortexa9_0/libsrc/openamp_v1_6/build_openamp/CMakeFiles/CMakeTmp/CheckIncludeFiles.c
Linking C executable cmTC_7080a
C:/Xilinx/Vitis/2021.1/gnu/aarch32/nt/gcc-arm-none-eabi/bin/arm-none-eabi-gcc.exe  -O2 -c -mcpu=cortex-a9 -mfpu=vfpv3 -mfloat-abi=hard -nostartfiles -g -Wall -Wextra -fno-tree-loop-distribute-patterns -IC:/Protogen/Prototracer/Protogen/ps7_cortexa9_0/standalone_ps7_cortexa9_0/bsp/ps7_cortexa9_0/include -Wall -Wextra -c    "CMakeFiles/cmTC_7080a.dir/CheckIncludeFiles.c.obj"   -o cmTC_7080a  
arm-xilinx-eabi-gcc.exe: warning: CMakeFiles/cmTC_7080a.dir/CheckIncludeFiles.c.obj: linker input file unused because linking not done
make.exe[1]: Leaving directory 'C:/Protogen/Prototracer/Protogen/ps7_cortexa9_0/standalone_ps7_cortexa9_0/bsp/ps7_cortexa9_0/libsrc/openamp_v1_6/build_openamp/CMakeFiles/CMakeTmp'


Determining if files fcntl.h exist passed with the following output:
Change Dir: C:/Protogen/Prototracer/Protogen/ps7_cortexa9_0/standalone_ps7_cortexa9_0/bsp/ps7_cortexa9_0/libsrc/openamp_v1_6/build_openamp/CMakeFiles/CMakeTmp

Run Build Command:"C:/Xilinx/Vitis/2021.1/gnuwin/bin/make.exe" "cmTC_b9651/fast"
C:/Xilinx/Vitis/2021.1/gnuwin/bin/make.exe -f CMakeFiles/cmTC_b9651.dir/build.make CMakeFiles/cmTC_b9651.dir/build
make.exe[1]: Entering directory 'C:/Protogen/Prototracer/Protogen/ps7_cortexa9_0/standalone_ps7_cortexa9_0/bsp/ps7_cortexa9_0/libsrc/openamp_v1_6/build_openamp/CMakeFiles/CMakeTmp'
Building C object CMakeFiles/cmTC_b9651.dir/CheckIncludeFiles.c.obj
C:/Xilinx/Vitis/2021.1/gnu/aarch32/nt/gcc-arm-none-eabi/bin/arm-none-eabi-gcc.exe   -O2 -c -mcpu=cortex-a9 -mfpu=vfpv3 -mfloat-abi=hard -nostartfiles -g -Wall -Wextra -fno-tree-loop-distribute-patterns -IC:/Protogen/Prototracer/Protogen/ps7_cortexa9_0/standalone_ps7_cortexa9_0/bsp/ps7_cortexa9_0/include -Wall -Wextra -c   -o CMakeFiles/cmTC_b9651.dir/CheckIncludeFiles.c.obj   -c C:/Protogen/Prototracer/Protogen/ps7_cortexa9_0/standalone_ps7_cortexa9_0/bsp/ps7_cortexa9_0/libsrc/openamp_v1_6/build_openamp/CMakeFiles/CMakeTmp/CheckIncludeFiles.c
Linking C executable cmTC_b9651
C:/Xilinx/Vitis/2021.1/gnu/aarch32/nt/gcc-arm-none-eabi/bin/arm-none-eabi-gcc.exe  -O2 -c -mcpu=cortex-a9 -mfpu=vfpv3 -mfloat-abi=hard -nostartfiles -g -Wall -Wextra -fno-tree-loop-distribute-patterns -IC:/Protogen/Prototracer/Protogen/ps7_cortexa9_0/standalone_ps7_cortexa9_0/bsp/ps7_cortexa9_0/include -Wall -Wextra -c    "CMakeFiles/cmTC_b9651.dir/CheckIncludeFiles.c.obj"   -o cmTC_b9651  
arm-xilinx-eabi-gcc.exe: warning: CMakeFiles/cmTC_b9651.dir/CheckIncludeFiles.c.obj: linker input file unused because linking not done
make.exe[1]: Leaving directory 'C:/Protogen/Prototracer/Protogen/ps7_cortexa9_0/standalone_ps7_cortexa9_0/bsp/ps7_cortexa9_0/libsrc/openamp_v1_6/build_openamp/CMakeFiles/CMakeTmp'


