#-----------------------------------------------------------
# Vivado v2021.1 (64-bit)
# SW Build 3247384 on Thu Jun 10 19:36:33 MDT 2021
# IP Build 3246043 on Fri Jun 11 00:30:35 MDT 2021
# Start of session at: Wed Oct 13 00:02:26 2021
# Process ID: 13096
# Current directory: C:/Protogen
# Command line: vivado.exe -gui_launcher_event rodinguilauncherevent19500 C:\Protogen\Protogen.xpr
# Log file: C:/Protogen/vivado.log
# Journal file: C:/Protogen\vivado.jou
#-----------------------------------------------------------
start_gui
open_project C:/Protogen/Protogen.xpr
Scanning sources...
Finished scanning sources
INFO: [IP_Flow 19-234] Refreshing IP repositories
INFO: [IP_Flow 19-1700] Loaded user IP repository 'c:/IP_Cores'.
INFO: [IP_Flow 19-2313] Loaded Vivado IP repository 'C:/Xilinx/Vivado/2021.1/data/ip'.
open_project: Time (s): cpu = 00:00:26 ; elapsed = 00:00:18 . Memory (MB): peak = 1200.113 ; gain = 0.000
update_compile_order -fileset sources_1
exit
INFO: [Common 17-206] Exiting Vivado at Wed Oct 13 00:04:15 2021...
